<?xml version="1.0" encoding="UTF-8"?>
<!-- Generated by org.testng.reporters.JUnitXMLReporter -->
<testsuite ignored="0" hostname="DESKTOP-S3JI6TJ" failures="0" tests="6" name="Wall_Stickers" time="79.305" errors="0" timestamp="2022-01-17T10:45:35 IST">
  <testcase classname="com.b2c.asianpaints.testCases.Wall_Stickers" name="NavigationWallStickers" time="13.714"/>
  <testcase classname="com.b2c.asianpaints.testCases.Wall_Stickers" name="AddToCart_PLP_ValidInputs" time="9.395"/>
  <testcase classname="com.b2c.asianpaints.testCases.Wall_Stickers" name="AddToCart_PLP_InValidInputs" time="22.187"/>
  <testcase classname="com.b2c.asianpaints.testCases.Wall_Stickers" name="InvalidPincodeCheckAvailbilityPDPPage" time="9.922"/>
  <testcase classname="com.b2c.asianpaints.testCases.Wall_Stickers" name="ValidPincodePDPPage" time="7.317"/>
  <testcase classname="com.b2c.asianpaints.testCases.Wall_Stickers" name="AddToCartPDPPage" time="3.142"/>
</testsuite> <!-- Wall_Stickers -->
