<?xml version="1.0" encoding="UTF-8"?>
<!-- Generated by org.testng.reporters.JUnitXMLReporter -->
<testsuite ignored="0" hostname="DESKTOP-S3JI6TJ" failures="0" tests="1" name="Wall Stickers Navigation PLP Page" time="0.522" errors="0" timestamp="2021-12-09T15:44:18 IST">
  <testcase classname="com.b2c.asianpaints.testCases.BaseClass" name="@BeforeClass setup" time="0.463">
    <failure type="java.lang.NullPointerException" message="null value in entry: desiredCapabilities=null">
      <![CDATA[java.lang.NullPointerException: null value in entry: desiredCapabilities=null
at com.google.common.collect.CollectPreconditions.checkEntryNotNull(CollectPreconditions.java:32)
at com.google.common.collect.SingletonImmutableBiMap.<init>(SingletonImmutableBiMap.java:42)
at com.google.common.collect.ImmutableBiMap.of(ImmutableBiMap.java:72)
at com.google.common.collect.ImmutableMap.of(ImmutableMap.java:124)
at org.openqa.selenium.remote.RemoteWebDriver.startSession(RemoteWebDriver.java:211)
at org.openqa.selenium.remote.RemoteWebDriver.<init>(RemoteWebDriver.java:131)
at org.openqa.selenium.chrome.ChromeDriver.<init>(ChromeDriver.java:181)
at org.openqa.selenium.chrome.ChromeDriver.<init>(ChromeDriver.java:168)
at org.openqa.selenium.chrome.ChromeDriver.<init>(ChromeDriver.java:157)
at com.b2c.asianpaints.testCases.BaseClass.setup(BaseClass.java:37)
at java.base/java.util.ArrayList.forEach(ArrayList.java:1511)
... Removed 25 stack frames]]>
    </failure>
  </testcase> <!-- @BeforeClass setup -->
  <testcase classname="com.b2c.asianpaints.testCases.BaseClass" name="@AfterClass tearDown" time="-1.639044857993E9">
    <skipped/>
  </testcase> <!-- @AfterClass tearDown -->
  <testcase classname="com.b2c.asianpaints.testCases.TC_Navigation_Wall_Stickers_PLP_001" name="NavigationWallStickers" time="0.0">
    <skipped/>
  </testcase> <!-- NavigationWallStickers -->
</testsuite> <!-- Wall Stickers Navigation PLP Page -->
