<?xml version="1.0" encoding="UTF-8"?>
<testsuite xmlns:xsi="http://www.w3.org/2001/XMLSchema-instance" xsi:noNamespaceSchemaLocation="https://maven.apache.org/surefire/maven-surefire-plugin/xsd/surefire-test-report-3.0.xsd" version="3.0" name="TestSuite" time="69.456" tests="6" errors="0" skipped="0" failures="2">
  <properties>
[...]
</properties>
  <testcase name="NavigationWallStickers" classname="com.b2c.asianpaints.testCases.Wall_Stickers" time="11.094">
    <system-out><![CDATA[ INFO [main] (Wall_Stickers.java:24)- Site Navigation
 INFO [main] (Wall_Stickers.java:27)- Hover Mouse on Shop Element
 INFO [main] (Wall_Stickers.java:31)- Click on WallStickers Link
 INFO [main] (Wall_Stickers.java:39)- NavigationWallStickers Passed
]]></system-out>
    <system-err><![CDATA[SLF4J: Failed to load class "org.slf4j.impl.StaticLoggerBinder".
SLF4J: Defaulting to no-operation (NOP) logger implementation
SLF4J: See http://www.slf4j.org/codes.html#StaticLoggerBinder for further details.
Starting ChromeDriver 97.0.4692.71 (adefa7837d02a07a604c1e6eff0b3a09422ab88d-refs/branch-heads/4692@{#1247}) on port 51238
Only local connections are allowed.
Please see https://chromedriver.chromium.org/security-considerations for suggestions on keeping ChromeDriver safe.
ChromeDriver was started successfully.
Jan 17, 2022 10:48:26 AM org.openqa.selenium.remote.ProtocolHandshake createSession
INFO: Detected dialect: W3C
Jan 17, 2022 10:48:26 AM org.openqa.selenium.devtools.CdpVersionFinder findNearestMatch
WARNING: Unable to find an exact match for CDP version 97, so returning the closest version found: 95
Jan 17, 2022 10:48:26 AM org.openqa.selenium.devtools.CdpVersionFinder findNearestMatch
INFO: Found CDP implementation for version 97 of 95
]]></system-err>
  </testcase>
  <testcase name="AddToCart_PLP_ValidInputs[pincode, 400055](1)" classname="com.b2c.asianpaints.testCases.Wall_Stickers" time="7.716">
    <system-out><![CDATA[ INFO [main] (Wall_Stickers.java:54)- Click on AddToCart in PLP Page
 INFO [main] (Wall_Stickers.java:57)- Pincode Entered
 INFO [main] (Wall_Stickers.java:60)- Pincode Submitted PLP Page
 INFO [main] (Wall_Stickers.java:67)- AddToCart_Wall_Stickers_PLP Passed
]]></system-out>
  </testcase>
  <testcase name="AddToCart_PLP_InValidInputs[pincode, 123456](1)" classname="com.b2c.asianpaints.testCases.Wall_Stickers" time="10.824">
    <failure message="element click intercepted: Element &lt;button id=&quot;cartPinCodeEditBtn&quot; onclick=&quot;shoplisting.openpinCodeFormPopup(event,&apos;btn&apos;)&quot; data-toggle=&quot;modal&quot; data-target=&quot;#cartPinCodeModal&quot; class=&quot;for-desktop pincode-btn&quot;&gt;...&lt;/button&gt; is not clickable at point (689, 8). Other element would receive the click: &lt;div class=&quot;header__content-container header__main-container&quot;&gt;...&lt;/div&gt;&#10;  (Session info: chrome=97.0.4692.71)&#10;Build info: version: &apos;4.0.0&apos;, revision: &apos;3a21814679&apos;&#10;System info: host: &apos;DESKTOP-S3JI6TJ&apos;, ip: &apos;192.168.10.13&apos;, os.name: &apos;Windows 10&apos;, os.arch: &apos;amd64&apos;, os.version: &apos;10.0&apos;, java.version: &apos;1.8.0_202&apos;&#10;Driver info: org.openqa.selenium.chrome.ChromeDriver&#10;Command: [cced22339d891e2676d44a5fd778f1bf, clickElement {id=0a9effcd-075d-49e1-afe1-17ed19131b88}]&#10;Capabilities {acceptInsecureCerts: false, browserName: chrome, browserVersion: 97.0.4692.71, chrome: {chromedriverVersion: 97.0.4692.71 (adefa7837d02a..., userDataDir: C:\Windows\TEMP\scoped_dir1...}, goog:chromeOptions: {debuggerAddress: localhost:50713}, javascriptEnabled: true, networkConnectionEnabled: false, pageLoadStrategy: normal, platform: WINDOWS, platformName: WINDOWS, proxy: Proxy(), se:cdp: ws://localhost:50713/devtoo..., se:cdpVersion: 97.0.4692.71, setWindowRect: true, strictFileInteractability: false, timeouts: {implicit: 0, pageLoad: 300000, script: 30000}, unhandledPromptBehavior: dismiss and notify, webauthn:extension:credBlob: true, webauthn:extension:largeBlob: true, webauthn:virtualAuthenticators: true}&#10;Element: [[ChromeDriver: chrome on WINDOWS (cced22339d891e2676d44a5fd778f1bf)] -&gt; xpath: //button[@id=&apos;cartPinCodeEditBtn&apos;]]&#10;Session ID: cced22339d891e2676d44a5fd778f1bf" type="org.openqa.selenium.ElementClickInterceptedException"><![CDATA[org.openqa.selenium.ElementClickInterceptedException: 
element click intercepted: Element <button id="cartPinCodeEditBtn" onclick="shoplisting.openpinCodeFormPopup(event,'btn')" data-toggle="modal" data-target="#cartPinCodeModal" class="for-desktop pincode-btn">...</button> is not clickable at point (689, 8). Other element would receive the click: <div class="header__content-container header__main-container">...</div>
  (Session info: chrome=97.0.4692.71)
Build info: version: '4.0.0', revision: '3a21814679'
System info: host: 'DESKTOP-S3JI6TJ', ip: '192.168.10.13', os.name: 'Windows 10', os.arch: 'amd64', os.version: '10.0', java.version: '1.8.0_202'
Driver info: org.openqa.selenium.chrome.ChromeDriver
Command: [cced22339d891e2676d44a5fd778f1bf, clickElement {id=0a9effcd-075d-49e1-afe1-17ed19131b88}]
Capabilities {acceptInsecureCerts: false, browserName: chrome, browserVersion: 97.0.4692.71, chrome: {chromedriverVersion: 97.0.4692.71 (adefa7837d02a..., userDataDir: C:\Windows\TEMP\scoped_dir1...}, goog:chromeOptions: {debuggerAddress: localhost:50713}, javascriptEnabled: true, networkConnectionEnabled: false, pageLoadStrategy: normal, platform: WINDOWS, platformName: WINDOWS, proxy: Proxy(), se:cdp: ws://localhost:50713/devtoo..., se:cdpVersion: 97.0.4692.71, setWindowRect: true, strictFileInteractability: false, timeouts: {implicit: 0, pageLoad: 300000, script: 30000}, unhandledPromptBehavior: dismiss and notify, webauthn:extension:credBlob: true, webauthn:extension:largeBlob: true, webauthn:virtualAuthenticators: true}
Element: [[ChromeDriver: chrome on WINDOWS (cced22339d891e2676d44a5fd778f1bf)] -> xpath: //button[@id='cartPinCodeEditBtn']]
Session ID: cced22339d891e2676d44a5fd778f1bf
	at com.b2c.asianpaints.testCases.Wall_Stickers.AddToCart_PLP_InValidInputs(Wall_Stickers.java:100)
]]></failure>
  </testcase>
  <testcase name="InvalidPincodeCheckAvailbilityPDPPage" classname="com.b2c.asianpaints.testCases.Wall_Stickers" time="10.453">
    <failure message="expected [true] but found [false]" type="java.lang.AssertionError"><![CDATA[java.lang.AssertionError: expected [true] but found [false]
	at com.b2c.asianpaints.testCases.Wall_Stickers.InvalidPincodeCheckAvailbilityPDPPage(Wall_Stickers.java:177)
]]></failure>
    <system-out><![CDATA[ INFO [main] (Wall_Stickers.java:154)- Click on First Product PLP Page.
 INFO [main] (Wall_Stickers.java:164)- Click on Check Button PDP Page
]]></system-out>
  </testcase>
  <testcase name="ValidPincodePDPPage[pincode, 400055](1)" classname="com.b2c.asianpaints.testCases.Wall_Stickers" time="7.279">
    <system-out><![CDATA[ INFO [main] (Wall_Stickers.java:192)- Valid Pincode Enter
 INFO [main] (Wall_Stickers.java:195)- Click on Check Button PDP Page
 INFO [main] (Wall_Stickers.java:200)- Pincode availbility check successfully
]]></system-out>
  </testcase>
  <testcase name="AddToCartPDPPage" classname="com.b2c.asianpaints.testCases.Wall_Stickers" time="3.153">
    <system-out><![CDATA[ INFO [main] (Wall_Stickers.java:220)- Click on Add to cart on PDP Page
 INFO [main] (Wall_Stickers.java:225)- Product added to cart
]]></system-out>
  </testcase>
</testsuite>