<?xml version="1.0" encoding="UTF-8"?>
<testng-results ignored="0" total="6" passed="6" failed="0" skipped="0">
  <reporter-output>
  </reporter-output>
  <suite started-at="2022-01-17T10:44:15 IST" name="B2C Asian Paints" finished-at="2022-01-17T10:45:35 IST" duration-ms="79305">
    <groups>
    </groups>
    <test started-at="2022-01-17T10:44:15 IST" name="Wall_Stickers" finished-at="2022-01-17T10:45:35 IST" duration-ms="79305">
      <class name="com.b2c.asianpaints.testCases.Wall_Stickers">
        <test-method is-config="true" signature="setup(java.lang.String)[pri:0, instance:com.b2c.asianpaints.testCases.Wall_Stickers@33990a0c]" started-at="2022-01-17T10:44:16 IST" name="setup" finished-at="2022-01-17T10:44:27 IST" duration-ms="11581" status="PASS">
          <params>
            <param index="0">
              <value>
                <![CDATA[chrome]]>
              </value>
            </param>
          </params>
          <reporter-output>
          </reporter-output>
        </test-method> <!-- setup -->
        <test-method signature="NavigationWallStickers()[pri:1, instance:com.b2c.asianpaints.testCases.Wall_Stickers@33990a0c]" started-at="2022-01-17T10:44:27 IST" name="NavigationWallStickers" finished-at="2022-01-17T10:44:41 IST" duration-ms="13714" status="PASS">
          <reporter-output>
          </reporter-output>
        </test-method> <!-- NavigationWallStickers -->
        <test-method signature="AddToCart_PLP_ValidInputs(java.lang.String, java.lang.String)[pri:2, instance:com.b2c.asianpaints.testCases.Wall_Stickers@33990a0c]" started-at="2022-01-17T10:44:42 IST" name="AddToCart_PLP_ValidInputs" data-provider="Valid_Pincode_PLP" finished-at="2022-01-17T10:44:51 IST" duration-ms="9395" status="PASS">
          <params>
            <param index="0">
              <value>
                <![CDATA[pincode]]>
              </value>
            </param>
            <param index="1">
              <value>
                <![CDATA[400055]]>
              </value>
            </param>
          </params>
          <reporter-output>
          </reporter-output>
        </test-method> <!-- AddToCart_PLP_ValidInputs -->
        <test-method signature="AddToCart_PLP_InValidInputs(java.lang.String, java.lang.String)[pri:3, instance:com.b2c.asianpaints.testCases.Wall_Stickers@33990a0c]" started-at="2022-01-17T10:44:51 IST" name="AddToCart_PLP_InValidInputs" data-provider="InValid_Pincode_PLP" finished-at="2022-01-17T10:45:14 IST" duration-ms="22187" status="PASS">
          <params>
            <param index="0">
              <value>
                <![CDATA[pincode]]>
              </value>
            </param>
            <param index="1">
              <value>
                <![CDATA[123456]]>
              </value>
            </param>
          </params>
          <reporter-output>
          </reporter-output>
        </test-method> <!-- AddToCart_PLP_InValidInputs -->
        <test-method signature="InvalidPincodeCheckAvailbilityPDPPage()[pri:4, instance:com.b2c.asianpaints.testCases.Wall_Stickers@33990a0c]" started-at="2022-01-17T10:45:14 IST" name="InvalidPincodeCheckAvailbilityPDPPage" finished-at="2022-01-17T10:45:24 IST" duration-ms="9922" status="PASS">
          <reporter-output>
          </reporter-output>
        </test-method> <!-- InvalidPincodeCheckAvailbilityPDPPage -->
        <test-method signature="ValidPincodePDPPage(java.lang.String, java.lang.String)[pri:5, instance:com.b2c.asianpaints.testCases.Wall_Stickers@33990a0c]" started-at="2022-01-17T10:45:24 IST" name="ValidPincodePDPPage" data-provider="Valid_Pincode_PLP" finished-at="2022-01-17T10:45:31 IST" duration-ms="7317" status="PASS">
          <params>
            <param index="0">
              <value>
                <![CDATA[pincode]]>
              </value>
            </param>
            <param index="1">
              <value>
                <![CDATA[400055]]>
              </value>
            </param>
          </params>
          <reporter-output>
          </reporter-output>
        </test-method> <!-- ValidPincodePDPPage -->
        <test-method signature="AddToCartPDPPage()[pri:6, instance:com.b2c.asianpaints.testCases.Wall_Stickers@33990a0c]" started-at="2022-01-17T10:45:31 IST" name="AddToCartPDPPage" finished-at="2022-01-17T10:45:34 IST" duration-ms="3142" status="PASS">
          <reporter-output>
          </reporter-output>
        </test-method> <!-- AddToCartPDPPage -->
        <test-method is-config="true" signature="tearDown()[pri:0, instance:com.b2c.asianpaints.testCases.Wall_Stickers@33990a0c]" started-at="2022-01-17T10:45:34 IST" name="tearDown" finished-at="2022-01-17T10:45:35 IST" duration-ms="487" status="PASS">
          <reporter-output>
          </reporter-output>
        </test-method> <!-- tearDown -->
      </class> <!-- com.b2c.asianpaints.testCases.Wall_Stickers -->
    </test> <!-- Wall_Stickers -->
  </suite> <!-- B2C Asian Paints -->
</testng-results>
